-------------------------------------------------------------------------------
Test set: com.example.demo.TodoAppApplicationTests
-------------------------------------------------------------------------------
Tests run: 1, Failures: 0, Errors: 1, Skipped: 0, Time elapsed: 4.663 s <<< FAILURE! - in com.example.demo.TodoAppApplicationTests
contextLoads(com.example.demo.TodoAppApplicationTests)  Time elapsed: 0.003 s  <<< ERROR!
java.lang.IllegalStateException: Failed to load ApplicationContext
Caused by: org.springframework.beans.factory.UnsatisfiedDependencyException: Error creating bean with name 'todoRestAPI': Unsatisfied dependency expressed through field 'dao'; nested exception is org.springframework.beans.factory.BeanCreationException: Error creating bean with name 'ITodoDataAccess': Cannot resolve reference to bean 'mongoTemplate' while setting bean property 'mongoOperations'; nested exception is org.springframework.beans.factory.UnsatisfiedDependencyException: Error creating bean with name 'mongoTemplate' defined in class path resource [org/springframework/boot/autoconfigure/data/mongo/MongoDataAutoConfiguration.class]: Unsatisfied dependency expressed through method 'mongoTemplate' parameter 0; nested exception is org.springframework.beans.factory.UnsatisfiedDependencyException: Error creating bean with name 'mongoDbFactory' defined in class path resource [org/springframework/boot/autoconfigure/data/mongo/MongoDataAutoConfiguration.class]: Unsatisfied dependency expressed through method 'mongoDbFactory' parameter 0; nested exception is org.springframework.beans.factory.BeanCreationException: Error creating bean with name 'mongo' defined in class path resource [org/springframework/boot/autoconfigure/mongo/MongoAutoConfiguration.class]: Bean instantiation via factory method failed; nested exception is org.springframework.beans.BeanInstantiationException: Failed to instantiate [com.mongodb.MongoClient]: Factory method 'mongo' threw exception; nested exception is java.lang.IllegalArgumentException: The connection string is invalid. Connection strings must start with either 'mongodb://' or 'mongodb+srv://
Caused by: org.springframework.beans.factory.BeanCreationException: Error creating bean with name 'ITodoDataAccess': Cannot resolve reference to bean 'mongoTemplate' while setting bean property 'mongoOperations'; nested exception is org.springframework.beans.factory.UnsatisfiedDependencyException: Error creating bean with name 'mongoTemplate' defined in class path resource [org/springframework/boot/autoconfigure/data/mongo/MongoDataAutoConfiguration.class]: Unsatisfied dependency expressed through method 'mongoTemplate' parameter 0; nested exception is org.springframework.beans.factory.UnsatisfiedDependencyException: Error creating bean with name 'mongoDbFactory' defined in class path resource [org/springframework/boot/autoconfigure/data/mongo/MongoDataAutoConfiguration.class]: Unsatisfied dependency expressed through method 'mongoDbFactory' parameter 0; nested exception is org.springframework.beans.factory.BeanCreationException: Error creating bean with name 'mongo' defined in class path resource [org/springframework/boot/autoconfigure/mongo/MongoAutoConfiguration.class]: Bean instantiation via factory method failed; nested exception is org.springframework.beans.BeanInstantiationException: Failed to instantiate [com.mongodb.MongoClient]: Factory method 'mongo' threw exception; nested exception is java.lang.IllegalArgumentException: The connection string is invalid. Connection strings must start with either 'mongodb://' or 'mongodb+srv://
Caused by: org.springframework.beans.factory.UnsatisfiedDependencyException: Error creating bean with name 'mongoTemplate' defined in class path resource [org/springframework/boot/autoconfigure/data/mongo/MongoDataAutoConfiguration.class]: Unsatisfied dependency expressed through method 'mongoTemplate' parameter 0; nested exception is org.springframework.beans.factory.UnsatisfiedDependencyException: Error creating bean with name 'mongoDbFactory' defined in class path resource [org/springframework/boot/autoconfigure/data/mongo/MongoDataAutoConfiguration.class]: Unsatisfied dependency expressed through method 'mongoDbFactory' parameter 0; nested exception is org.springframework.beans.factory.BeanCreationException: Error creating bean with name 'mongo' defined in class path resource [org/springframework/boot/autoconfigure/mongo/MongoAutoConfiguration.class]: Bean instantiation via factory method failed; nested exception is org.springframework.beans.BeanInstantiationException: Failed to instantiate [com.mongodb.MongoClient]: Factory method 'mongo' threw exception; nested exception is java.lang.IllegalArgumentException: The connection string is invalid. Connection strings must start with either 'mongodb://' or 'mongodb+srv://
Caused by: org.springframework.beans.factory.UnsatisfiedDependencyException: Error creating bean with name 'mongoDbFactory' defined in class path resource [org/springframework/boot/autoconfigure/data/mongo/MongoDataAutoConfiguration.class]: Unsatisfied dependency expressed through method 'mongoDbFactory' parameter 0; nested exception is org.springframework.beans.factory.BeanCreationException: Error creating bean with name 'mongo' defined in class path resource [org/springframework/boot/autoconfigure/mongo/MongoAutoConfiguration.class]: Bean instantiation via factory method failed; nested exception is org.springframework.beans.BeanInstantiationException: Failed to instantiate [com.mongodb.MongoClient]: Factory method 'mongo' threw exception; nested exception is java.lang.IllegalArgumentException: The connection string is invalid. Connection strings must start with either 'mongodb://' or 'mongodb+srv://
Caused by: org.springframework.beans.factory.BeanCreationException: Error creating bean with name 'mongo' defined in class path resource [org/springframework/boot/autoconfigure/mongo/MongoAutoConfiguration.class]: Bean instantiation via factory method failed; nested exception is org.springframework.beans.BeanInstantiationException: Failed to instantiate [com.mongodb.MongoClient]: Factory method 'mongo' threw exception; nested exception is java.lang.IllegalArgumentException: The connection string is invalid. Connection strings must start with either 'mongodb://' or 'mongodb+srv://
Caused by: org.springframework.beans.BeanInstantiationException: Failed to instantiate [com.mongodb.MongoClient]: Factory method 'mongo' threw exception; nested exception is java.lang.IllegalArgumentException: The connection string is invalid. Connection strings must start with either 'mongodb://' or 'mongodb+srv://
Caused by: java.lang.IllegalArgumentException: The connection string is invalid. Connection strings must start with either 'mongodb://' or 'mongodb+srv://

